# JRE version: OpenJDK Runtime Environment (21.0.7) (build 21.0.7+-13880790-b1038.58)
# Java VM: OpenJDK 64-Bit Server VM (21.0.7+-13880790-b1038.58, mixed mode, tiered, compressed oops, compressed class ptrs, g1 gc, windows-amd64)
GC Precious Log:
 CardTable entry size: 512
 Card Set container configuration: InlinePtr #cards 4 size 8 Array Of Cards #cards 32 size 80 Howl #buckets 8 coarsen threshold 7372 Howl Bitmap #cards 1024 size 144 coarsen threshold 921 Card regions per heap region 1 cards per card region 8192
 CPUs: 16 total, 16 available
 Memory: 24260M
 Large Page Support: Disabled
 NUMA Support: Disabled
 Compressed Oops: Enabled (Zero based)
 Heap Region Size: 4M
 Heap Min Capacity: 8M
 Heap Initial Capacity: 380M
 Heap Max Capacity: 6068M
 Pre-touch: Disabled
 Parallel Workers: 13
 Concurrent Workers: 3
 Concurrent Refinement Workers: 13
 Periodic GC: Disabled
Heap:
 garbage-first heap   total 221184K, used 114688K [0x0000000684c00000, 0x0000000800000000)
  region size 4096K, 25 young (102400K), 1 survivors (4096K)
 Metaspace       used 55111K, committed 55360K, reserved 1114112K
  class space    used 6423K, committed 6528K, reserved 1048576K
GC Heap History (14 events):
Event: 0.998 GC heap before
{Heap before GC invocations=0 (full 0):
 garbage-first heap   total 389120K, used 20480K [0x0000000684c00000, 0x0000000800000000)
  region size 4096K, 5 young (20480K), 0 survivors (0K)
 Metaspace       used 12799K, committed 12928K, reserved 1114112K
  class space    used 1147K, committed 1216K, reserved 1048576K
}
Event: 1.013 GC heap after
{Heap after GC invocations=1 (full 0):
 garbage-first heap   total 389120K, used 6899K [0x0000000684c00000, 0x0000000800000000)
  region size 4096K, 1 young (4096K), 1 survivors (4096K)
 Metaspace       used 12799K, committed 12928K, reserved 1114112K
  class space    used 1147K, committed 1216K, reserved 1048576K
}
Event: 2.501 GC heap before
{Heap before GC invocations=1 (full 0):
 garbage-first heap   total 389120K, used 31475K [0x0000000684c00000, 0x0000000800000000)
  region size 4096K, 8 young (32768K), 1 survivors (4096K)
 Metaspace       used 20353K, committed 20544K, reserved 1114112K
  class space    used 2152K, committed 2240K, reserved 1048576K
}
Event: 2.505 GC heap after
{Heap after GC invocations=2 (full 0):
 garbage-first heap   total 389120K, used 9162K [0x0000000684c00000, 0x0000000800000000)
  region size 4096K, 1 young (4096K), 1 survivors (4096K)
 Metaspace       used 20353K, committed 20544K, reserved 1114112K
  class space    used 2152K, committed 2240K, reserved 1048576K
}
Event: 2.815 GC heap before
{Heap before GC invocations=2 (full 0):
 garbage-first heap   total 389120K, used 13258K [0x0000000684c00000, 0x0000000800000000)
  region size 4096K, 3 young (12288K), 1 survivors (4096K)
 Metaspace       used 21375K, committed 21504K, reserved 1114112K
  class space    used 2291K, committed 2368K, reserved 1048576K
}
Event: 2.819 GC heap after
{Heap after GC invocations=3 (full 0):
 garbage-first heap   total 389120K, used 9957K [0x0000000684c00000, 0x0000000800000000)
  region size 4096K, 1 young (4096K), 1 survivors (4096K)
 Metaspace       used 21375K, committed 21504K, reserved 1114112K
  class space    used 2291K, committed 2368K, reserved 1048576K
}
Event: 4.030 GC heap before
{Heap before GC invocations=4 (full 0):
 garbage-first heap   total 40960K, used 38629K [0x0000000684c00000, 0x0000000800000000)
  region size 4096K, 8 young (32768K), 1 survivors (4096K)
 Metaspace       used 30300K, committed 30528K, reserved 1114112K
  class space    used 3837K, committed 3968K, reserved 1048576K
}
Event: 4.034 GC heap after
{Heap after GC invocations=5 (full 0):
 garbage-first heap   total 49152K, used 11426K [0x0000000684c00000, 0x0000000800000000)
  region size 4096K, 2 young (8192K), 2 survivors (8192K)
 Metaspace       used 30300K, committed 30528K, reserved 1114112K
  class space    used 3837K, committed 3968K, reserved 1048576K
}
Event: 4.691 GC heap before
{Heap before GC invocations=5 (full 0):
 garbage-first heap   total 49152K, used 31906K [0x0000000684c00000, 0x0000000800000000)
  region size 4096K, 7 young (28672K), 2 survivors (8192K)
 Metaspace       used 32064K, committed 32256K, reserved 1114112K
  class space    used 4061K, committed 4160K, reserved 1048576K
}
Event: 4.703 GC heap after
{Heap after GC invocations=6 (full 0):
 garbage-first heap   total 49152K, used 14969K [0x0000000684c00000, 0x0000000800000000)
  region size 4096K, 1 young (4096K), 1 survivors (4096K)
 Metaspace       used 32064K, committed 32256K, reserved 1114112K
  class space    used 4061K, committed 4160K, reserved 1048576K
}
Event: 4.996 GC heap before
{Heap before GC invocations=6 (full 0):
 garbage-first heap   total 49152K, used 31353K [0x0000000684c00000, 0x0000000800000000)
  region size 4096K, 6 young (24576K), 1 survivors (4096K)
 Metaspace       used 36504K, committed 36736K, reserved 1114112K
  class space    used 4550K, committed 4672K, reserved 1048576K
}
Event: 5.001 GC heap after
{Heap after GC invocations=7 (full 0):
 garbage-first heap   total 49152K, used 17659K [0x0000000684c00000, 0x0000000800000000)
  region size 4096K, 1 young (4096K), 1 survivors (4096K)
 Metaspace       used 36504K, committed 36736K, reserved 1114112K
  class space    used 4550K, committed 4672K, reserved 1048576K
}
Event: 5.160 GC heap before
{Heap before GC invocations=8 (full 0):
 garbage-first heap   total 49152K, used 34043K [0x0000000684c00000, 0x0000000800000000)
  region size 4096K, 5 young (20480K), 1 survivors (4096K)
 Metaspace       used 38823K, committed 39040K, reserved 1114112K
  class space    used 4804K, committed 4928K, reserved 1048576K
}
Event: 5.165 GC heap after
{Heap after GC invocations=9 (full 0):
 garbage-first heap   total 221184K, used 20480K [0x0000000684c00000, 0x0000000800000000)
  region size 4096K, 1 young (4096K), 1 survivors (4096K)
 Metaspace       used 38823K, committed 39040K, reserved 1114112K
  class space    used 4804K, committed 4928K, reserved 1048576K
}

